0	10:32:01.693	Compiling 'MACD Sample'
0	10:32:01.694	Compiling 'Moving Average'
0	10:32:04.979	Compiling 'Accelerator'
0	10:32:04.980	Compiling 'Accumulation'
0	10:32:04.980	Compiling 'Alligator'
0	10:32:04.980	Compiling 'ATR'
0	10:32:04.980	Compiling 'Awesome'
0	10:32:04.980	Compiling 'Bands'
0	10:32:04.980	Compiling 'Bears'
0	10:32:04.980	Compiling 'Bulls'
0	10:32:04.980	Compiling 'CCI'
0	10:32:04.980	Compiling 'Custom Moving Averages'
0	10:32:04.980	Compiling 'Heiken Ashi'
0	10:32:04.980	Compiling 'Ichimoku'
0	10:32:04.980	Compiling 'iExposure'
0	10:32:04.980	Compiling 'MACD'
0	10:32:04.980	Compiling 'Momentum'
0	10:32:04.980	Compiling 'OsMA'
0	10:32:04.980	Compiling 'Parabolic'
0	10:32:04.980	Compiling 'RSI'
0	10:32:04.980	Compiling 'Stochastic'
0	10:32:04.980	Compiling 'ZigZag'
0	10:32:04.981	Compiling 'SimplePanel'
0	10:32:10.385	Compiling 'PeriodConverter'
0	10:32:10.386	Compiling 'DLLSampleTester'
0	10:32:10.387	Compiling 'PipeClient'
0	10:32:10.387	Compiling 'PipeClientPure'
0	10:32:13.419	Compiling 'stdlib'
